<?xml version="1.0" encoding="UTF-8"?>
<testng-results skipped="0" failed="0" ignored="0" total="2" passed="2">
  <reporter-output>
  </reporter-output>
  <suite name="Default suite" duration-ms="33336" started-at="2020-06-29T11:09:13 ICT" finished-at="2020-06-29T11:09:47 ICT">
    <groups>
    </groups>
    <test name="Default test" duration-ms="33336" started-at="2020-06-29T11:09:13 ICT" finished-at="2020-06-29T11:09:47 ICT">
      <class name="seleniumtest.SeleniumPageObjectTest">
        <test-method status="PASS" signature="setup()[pri:0, instance:seleniumtest.SeleniumPageObjectTest@5e57643e]" name="setup" is-config="true" duration-ms="23819" started-at="2020-06-29T11:09:13 ICT" finished-at="2020-06-29T11:09:37 ICT">
          <reporter-output>
          </reporter-output>
        </test-method> <!-- setup -->
        <test-method status="PASS" signature="validateMitraisHomeTitle()[pri:1, instance:seleniumtest.SeleniumPageObjectTest@5e57643e]" name="validateMitraisHomeTitle" duration-ms="5028" started-at="2020-06-29T11:09:37 ICT" finished-at="2020-06-29T11:09:42 ICT">
          <reporter-output>
          </reporter-output>
        </test-method> <!-- validateMitraisHomeTitle -->
        <test-method status="PASS" signature="validateNavigateToAbout()[pri:2, instance:seleniumtest.SeleniumPageObjectTest@5e57643e]" name="validateNavigateToAbout" duration-ms="4458" started-at="2020-06-29T11:09:42 ICT" finished-at="2020-06-29T11:09:47 ICT">
          <reporter-output>
          </reporter-output>
        </test-method> <!-- validateNavigateToAbout -->
        <test-method status="PASS" signature="tearDown()[pri:0, instance:seleniumtest.SeleniumPageObjectTest@5e57643e]" name="tearDown" is-config="true" duration-ms="629" started-at="2020-06-29T11:09:47 ICT" finished-at="2020-06-29T11:09:47 ICT">
          <reporter-output>
          </reporter-output>
        </test-method> <!-- tearDown -->
      </class> <!-- seleniumtest.SeleniumPageObjectTest -->
    </test> <!-- Default test -->
  </suite> <!-- Default suite -->
</testng-results>
